#
# There is insufficient memory for the Java Runtime Environment to continue.
# Native memory allocation (mmap) failed to map 134217728 bytes for G1 virtual space
# Possible reasons:
#   The system is out of physical RAM or swap space
#   The process is running with CompressedOops enabled, and the Java Heap may be blocking the growth of the native heap
# Possible solutions:
#   Reduce memory load on the system
#   Increase physical memory or swap space
#   Check if swap backing store is full
#   Decrease Java heap size (-Xmx/-Xms)
#   Decrease number of Java threads
#   Decrease Java thread stack sizes (-Xss)
#   Set larger code cache with -XX:ReservedCodeCacheSize=
#   JVM is running with Unscaled Compressed Oops mode in which the Java heap is
#     placed in the first 4GB address space. The Java Heap base address is the
#     maximum limit for the native heap growth. Please use -XX:HeapBaseMinAddress
#     to set the Java Heap base and to place the Java Heap above 4GB virtual address.
# This output file may be truncated or incomplete.
#
#  Out of Memory Error (os_windows.cpp:3548), pid=3876, tid=7192
#
# JRE version:  (17.0.11+7) (build )
# Java VM: Java HotSpot(TM) 64-Bit Server VM (17.0.11+7-LTS-207, mixed mode, sharing, tiered, compressed oops, compressed class ptrs, g1 gc, windows-amd64)
# No core dump will be written. Minidumps are not enabled by default on client versions of Windows
#

---------------  S U M M A R Y ------------

Command Line: -Dfile.encoding=Cp1252 -XX:+ShowCodeDetailsInExceptionMessages swingDemo.FrameDemo

Host: Intel(R) Core(TM) i5-5200U CPU @ 2.20GHz, 4 cores, 7G,  Windows 10 , 64 bit Build 19041 (10.0.19041.5915)
Time: Sun Jun 29 12:10:06 2025 Nepal Standard Time elapsed time: 0.028027 seconds (0d 0h 0m 0s)

---------------  T H R E A D  ---------------

Current thread (0x0000010c42952b90):  JavaThread "Unknown thread" [_thread_in_vm, id=7192, stack(0x0000000460200000,0x0000000460300000)]

Stack: [0x0000000460200000,0x0000000460300000]
Native frames: (J=compiled Java code, j=interpreted, Vv=VM code, C=native code)
V  [jvm.dll+0x679cca]
V  [jvm.dll+0x7da13d]
V  [jvm.dll+0x7dba83]
V  [jvm.dll+0x7dc0f3]
V  [jvm.dll+0x2449af]
V  [jvm.dll+0x676ce9]
V  [jvm.dll+0x66b852]
V  [jvm.dll+0x3018d6]
V  [jvm.dll+0x308e76]
V  [jvm.dll+0x3596ee]
V  [jvm.dll+0x35991f]
V  [jvm.dll+0x2d89a8]
V  [jvm.dll+0x2d9914]
V  [jvm.dll+0x7ac6b1]
V  [jvm.dll+0x366f61]
V  [jvm.dll+0x78b609]
V  [jvm.dll+0x3ec22f]
V  [jvm.dll+0x3ede61]
C  [jli.dll+0x5297]
C  [ucrtbase.dll+0x21bb2]
C  [KERNEL32.DLL+0x17374]
C  [ntdll.dll+0x4cc91]


---------------  P R O C E S S  ---------------

Threads class SMR info:
_java_thread_list=0x00007ff99aac7a18, length=0, elements={
}

Java Threads: ( => current thread )

Other Threads:
  0x0000010c429ad1a0 GCTaskThread "GC Thread#0" [stack: 0x0000000460300000,0x0000000460400000] [id=11296]
  0x0000010c429c0540 ConcurrentGCThread "G1 Main Marker" [stack: 0x0000000460400000,0x0000000460500000] [id=18988]
  0x0000010c429c0e60 ConcurrentGCThread "G1 Conc#0" [stack: 0x0000000460500000,0x0000000460600000] [id=4340]

[error occurred during error reporting (printing all threads), id 0xc0000005, EXCEPTION_ACCESS_VIOLATION (0xc0000005) at pc=0x00007ff99a2f9497]

VM state: not at safepoint (not fully initialized)

VM Mutex/Monitor currently owned by a thread:  ([mutex/lock_event])
[0x0000010c4294fe50] Heap_lock - owner thread: 0x0000010c42952b90

Heap address: 0x0000000081400000, size: 2028 MB, Compressed Oops mode: 32-bit

CDS archive(s) mapped at: [0x0000000000000000-0x0000000000000000-0x0000000000000000), size 0, SharedBaseAddress: 0x0000000800000000, ArchiveRelocationMode: 1.
Narrow klass base: 0x0000000000000000, Narrow klass shift: 0, Narrow klass range: 0x0

GC Precious Log:
<Empty>

Heap:
 garbage-first heap   total 0K, used 0K [0x0000000081400000, 0x0000000100000000)
  region size 1024K, 0 young (0K), 0 survivors (0K)

[error occurred during error reporting (printing heap information), id 0xc0000005, EXCEPTION_ACCESS_VIOLATION (0xc0000005) at pc=0x00007ff99a6e3559]

GC Heap History (0 events):
No events

Deoptimization events (0 events):
No events

Classes unloaded (0 events):
No events

Classes redefined (0 events):
No events

Internal exceptions (0 events):
No events

VM Operations (0 events):
No events

Events (1 events):
Event: 0.019 Loaded shared library C:\Program Files\Java\jdk-17\bin\java.dll


Dynamic libraries:
0x00007ff6bc580000 - 0x00007ff6bc590000 	C:\Program Files\Java\jdk-17\bin\javaw.exe
0x00007ff9d9870000 - 0x00007ff9d9a68000 	C:\WINDOWS\SYSTEM32\ntdll.dll
0x00007ff9d8990000 - 0x00007ff9d8a52000 	C:\WINDOWS\System32\KERNEL32.DLL
0x00007ff9d7090000 - 0x00007ff9d7386000 	C:\WINDOWS\System32\KERNELBASE.dll
0x00007ff9d7540000 - 0x00007ff9d7640000 	C:\WINDOWS\System32\ucrtbase.dll
0x00007ff9c2140000 - 0x00007ff9c2159000 	C:\Program Files\Java\jdk-17\bin\jli.dll
0x00007ff9d9670000 - 0x00007ff9d9721000 	C:\WINDOWS\System32\ADVAPI32.dll
0x00007ff9d7c10000 - 0x00007ff9d7cae000 	C:\WINDOWS\System32\msvcrt.dll
0x00007ff9d8710000 - 0x00007ff9d87af000 	C:\WINDOWS\System32\sechost.dll
0x00007ff9d8120000 - 0x00007ff9d8243000 	C:\WINDOWS\System32\RPCRT4.dll
0x00007ff9be000000 - 0x00007ff9be01b000 	C:\Program Files\Java\jdk-17\bin\VCRUNTIME140.dll
0x00007ff9d6f30000 - 0x00007ff9d6f57000 	C:\WINDOWS\System32\bcrypt.dll
0x00007ff9d87b0000 - 0x00007ff9d894d000 	C:\WINDOWS\System32\USER32.dll
0x00007ff9d6f00000 - 0x00007ff9d6f22000 	C:\WINDOWS\System32\win32u.dll
0x00007ff9d8950000 - 0x00007ff9d897b000 	C:\WINDOWS\System32\GDI32.dll
0x00007ff9d76c0000 - 0x00007ff9d77d9000 	C:\WINDOWS\System32\gdi32full.dll
0x00007ff9d6ff0000 - 0x00007ff9d708d000 	C:\WINDOWS\System32\msvcp_win.dll
0x00007ff9c4f00000 - 0x00007ff9c519a000 	C:\WINDOWS\WinSxS\amd64_microsoft.windows.common-controls_6595b64144ccf1df_6.0.19041.5915_none_60b4b9d171f9c7c7\COMCTL32.dll
0x00007ff9ccde0000 - 0x00007ff9ccdea000 	C:\WINDOWS\SYSTEM32\VERSION.dll
0x00007ff9d9790000 - 0x00007ff9d97bf000 	C:\WINDOWS\System32\IMM32.DLL
0x00007ff9cf160000 - 0x00007ff9cf16c000 	C:\Program Files\Java\jdk-17\bin\vcruntime140_1.dll
0x00007ff9b2980000 - 0x00007ff9b2a0e000 	C:\Program Files\Java\jdk-17\bin\msvcp140.dll
0x00007ff99a010000 - 0x00007ff99abf0000 	C:\Program Files\Java\jdk-17\bin\server\jvm.dll
0x00007ff9d9600000 - 0x00007ff9d9608000 	C:\WINDOWS\System32\PSAPI.DLL
0x00007ff9d3c40000 - 0x00007ff9d3c49000 	C:\WINDOWS\SYSTEM32\WSOCK32.dll
0x00007ff9d92b0000 - 0x00007ff9d931b000 	C:\WINDOWS\System32\WS2_32.dll
0x00007ff9c5200000 - 0x00007ff9c5227000 	C:\WINDOWS\SYSTEM32\WINMM.dll
0x00007ff9d4d80000 - 0x00007ff9d4d92000 	C:\WINDOWS\SYSTEM32\kernel.appcore.dll
0x00007ff9cec40000 - 0x00007ff9cec4a000 	C:\Program Files\Java\jdk-17\bin\jimage.dll
0x00007ff9c5280000 - 0x00007ff9c5481000 	C:\WINDOWS\SYSTEM32\DBGHELP.DLL
0x00007ff9c3a20000 - 0x00007ff9c3a54000 	C:\WINDOWS\SYSTEM32\dbgcore.DLL
0x00007ff9d6f60000 - 0x00007ff9d6fe2000 	C:\WINDOWS\System32\bcryptPrimitives.dll
0x00007ff9b89d0000 - 0x00007ff9b89f5000 	C:\Program Files\Java\jdk-17\bin\java.dll

dbghelp: loaded successfully - version: 4.0.5 - missing functions: none
symbol engine: initialized successfully - sym options: 0x614 - pdb path: .;C:\Program Files\Java\jdk-17\bin;C:\WINDOWS\SYSTEM32;C:\WINDOWS\WinSxS\amd64_microsoft.windows.common-controls_6595b64144ccf1df_6.0.19041.5915_none_60b4b9d171f9c7c7;C:\Program Files\Java\jdk-17\bin\server

VM Arguments:
jvm_args: -Dfile.encoding=Cp1252 -XX:+ShowCodeDetailsInExceptionMessages 
java_command: swingDemo.FrameDemo
java_class_path (initial): E:\java_spring\eclipse-workspace\jumperFirst\bin
Launcher Type: SUN_STANDARD

[Global flags]
     intx CICompilerCount                          = 3                                         {product} {ergonomic}
     uint ConcGCThreads                            = 1                                         {product} {ergonomic}
     uint G1ConcRefinementThreads                  = 4                                         {product} {ergonomic}
   size_t G1HeapRegionSize                         = 1048576                                   {product} {ergonomic}
    uintx GCDrainStackTargetSize                   = 64                                        {product} {ergonomic}
   size_t InitialHeapSize                          = 134217728                                 {product} {ergonomic}
   size_t MarkStackSize                            = 4194304                                   {product} {ergonomic}
   size_t MaxHeapSize                              = 2126512128                                {product} {ergonomic}
   size_t MinHeapDeltaBytes                        = 1048576                                   {product} {ergonomic}
   size_t MinHeapSize                              = 8388608                                   {product} {ergonomic}
    uintx NonNMethodCodeHeapSize                   = 5832780                                {pd product} {ergonomic}
    uintx NonProfiledCodeHeapSize                  = 122912730                              {pd product} {ergonomic}
    uintx ProfiledCodeHeapSize                     = 122912730                              {pd product} {ergonomic}
    uintx ReservedCodeCacheSize                    = 251658240                              {pd product} {ergonomic}
     bool SegmentedCodeCache                       = true                                      {product} {ergonomic}
     bool ShowCodeDetailsInExceptionMessages       = true                                   {manageable} {command line}
   size_t SoftMaxHeapSize                          = 2126512128                             {manageable} {ergonomic}
     bool UseCompressedClassPointers               = true                           {product lp64_product} {ergonomic}
     bool UseCompressedOops                        = true                           {product lp64_product} {ergonomic}
     bool UseG1GC                                  = true                                      {product} {ergonomic}
     bool UseLargePagesIndividualAllocation        = false                                  {pd product} {ergonomic}

Logging:
Log output configuration:
 #0: stdout all=warning uptime,level,tags
 #1: stderr all=off uptime,level,tags

Environment Variables:
PATH=C:\Program Files\Common Files\Oracle\Java\javapath;C:\WINDOWS\system32;C:\WINDOWS;C:\WINDOWS\System32\Wbem;C:\WINDOWS\System32\WindowsPowerShell\v1.0\;C:\WINDOWS\System32\OpenSSH\;C:\xampp\php;C:\Program Files\IBM\SPSS\Statistics\25\JRE\bin;C:\Program Files (x86)\Go\bin;C:\composer;C:\Users\varat\AppData\Roaming\nvm;C:\Program Files\nodejs;C:\Program Files (x86)\Dev-Cpp\MinGW64\bin;C:\Program Files\Git\cmd;C:\Program Files\Java\jdk1.8.0_202\bin;C:\Users\varat\AppData\Local\Programs\Python\Python310\Scripts\;C:\Users\varat\AppData\Local\Programs\Python\Python310\;C:\Users\varat\AppData\Local\Microsoft\WindowsApps;C:\Users\varat\AppData\Roaming\npm;C:\Users\varat\AppData\Local\Programs\Microsoft VS Code\bin;C:\Users\varat\AppData\Local\atom\bin;C:\apache-maven-3.9.4\bin;C:\Users\varat\go\bin;C:\Users\varat\AppData\Roaming\Composer\vendor\bin;C:\Program FIles\MongoDB\Server\6.0\bin;C:\Users\varat\AppData\Roaming\nvm;C:\Program Files\nodejs;E:\web\sqlite;C:\Program Files (x86)\Dev-Cpp\MinGW64\bin;
USERNAME=varat
OS=Windows_NT
PROCESSOR_IDENTIFIER=Intel64 Family 6 Model 61 Stepping 4, GenuineIntel



---------------  S Y S T E M  ---------------

OS:
 Windows 10 , 64 bit Build 19041 (10.0.19041.5915)
OS uptime: 3 days 0:31 hours

CPU: total 4 (initial active 4) (2 cores per cpu, 2 threads per core) family 6 model 61 stepping 4 microcode 0x2d, cx8, cmov, fxsr, ht, mmx, 3dnowpref, sse, sse2, sse3, ssse3, sse4.1, sse4.2, popcnt, lzcnt, tsc, tscinvbit, avx, avx2, aes, erms, clmul, bmi1, bmi2, adx, fma, vzeroupper, clflush

Memory: 4k page, system-wide physical 8106M (838M free)
TotalPageFile size 25730M (AvailPageFile size 31M)
current process WorkingSet (physical memory assigned to process): 10M, peak: 10M
current process commit charge ("private bytes"): 51M, peak: 179M

vm_info: Java HotSpot(TM) 64-Bit Server VM (17.0.11+7-LTS-207) for windows-amd64 JRE (17.0.11+7-LTS-207), built on Mar 11 2024 19:01:50 by "mach5one" with MS VC++ 17.6 (VS2022)

END.
